0 info it worked if it ends with ok
1 verbose cli [ '/usr/bin/nodejs', '/usr/bin/npm', 'start' ]
2 info using npm@3.10.9
3 info using node@v4.4.7
4 verbose run-script [ 'prestart', 'start', 'poststart' ]
5 info lifecycle desabafa@0.1.1~prestart: desabafa@0.1.1
6 silly lifecycle desabafa@0.1.1~prestart: no script for prestart, continuing
7 info lifecycle desabafa@0.1.1~start: desabafa@0.1.1
8 verbose lifecycle desabafa@0.1.1~start: unsafe-perm in lifecycle true
9 verbose lifecycle desabafa@0.1.1~start: PATH: /usr/lib/node_modules/npm/bin/node-gyp-bin:/media/amanda/files/jobs/code/bluehack/lady-problems-br-2016/node_modules/.bin:/usr/local/sbin:/usr/local/bin:/usr/sbin:/usr/bin:/sbin:/bin:/usr/games:/usr/local/games:/snap/bin
10 verbose lifecycle desabafa@0.1.1~start: CWD: /media/amanda/files/jobs/code/bluehack/lady-problems-br-2016
11 silly lifecycle desabafa@0.1.1~start: Args: [ '-c', 'node server.js' ]
12 silly lifecycle desabafa@0.1.1~start: Returned: code: 1  signal: null
13 info lifecycle desabafa@0.1.1~start: Failed to exec start script
14 verbose stack Error: desabafa@0.1.1 start: `node server.js`
14 verbose stack Exit status 1
14 verbose stack     at EventEmitter.<anonymous> (/usr/lib/node_modules/npm/lib/utils/lifecycle.js:255:16)
14 verbose stack     at emitTwo (events.js:87:13)
14 verbose stack     at EventEmitter.emit (events.js:172:7)
14 verbose stack     at ChildProcess.<anonymous> (/usr/lib/node_modules/npm/lib/utils/spawn.js:40:14)
14 verbose stack     at emitTwo (events.js:87:13)
14 verbose stack     at ChildProcess.emit (events.js:172:7)
14 verbose stack     at maybeClose (internal/child_process.js:827:16)
14 verbose stack     at Process.ChildProcess._handle.onexit (internal/child_process.js:211:5)
15 verbose pkgid desabafa@0.1.1
16 verbose cwd /media/amanda/files/jobs/code/bluehack/lady-problems-br-2016
17 error Linux 4.4.0-34-generic
18 error argv "/usr/bin/nodejs" "/usr/bin/npm" "start"
19 error node v4.4.7
20 error npm  v3.10.9
21 error code ELIFECYCLE
22 error desabafa@0.1.1 start: `node server.js`
22 error Exit status 1
23 error Failed at the desabafa@0.1.1 start script 'node server.js'.
23 error Make sure you have the latest version of node.js and npm installed.
23 error If you do, this is most likely a problem with the desabafa package,
23 error not with npm itself.
23 error Tell the author that this fails on your system:
23 error     node server.js
23 error You can get information on how to open an issue for this project with:
23 error     npm bugs desabafa
23 error Or if that isn't available, you can get their info via:
23 error     npm owner ls desabafa
23 error There is likely additional logging output above.
24 verbose exit [ 1, true ]
